\BOOKMARK [1][-]{section.1}{Introduction}{}% 1
\BOOKMARK [1][-]{section.2}{Utilisation du programme}{}% 2
\BOOKMARK [1][-]{section.3}{Conception du programme : Back-end}{}% 3
\BOOKMARK [2][-]{subsection.3.1}{Grid\137Logic: la cr\351ation de la grille}{section.3}% 4
\BOOKMARK [2][-]{subsection.3.2}{Heat\137Mapping\137Logic : coloration d'une grille}{section.3}% 5
\BOOKMARK [2][-]{subsection.3.3}{Possible\137Values\137Mapping\137Logic : guide du remplissage des cases}{section.3}% 6
\BOOKMARK [2][-]{subsection.3.4}{Saving\137Logic : le fichier de sauvegarde}{section.3}% 7
\BOOKMARK [1][-]{section.4}{Conception du programme : Front-end}{}% 8
\BOOKMARK [2][-]{subsection.4.1}{Main\137Window : La base de L'UI}{section.4}% 9
\BOOKMARK [2][-]{subsection.4.2}{Solver\137Window : la fen\352tre principale}{section.4}% 10
\BOOKMARK [2][-]{subsection.4.3}{Loader\137Window, page de chargement de grilles}{section.4}% 11
\BOOKMARK [2][-]{subsection.4.4}{Creator\137Window}{section.4}% 12
\BOOKMARK [2][-]{subsection.4.5}{Widgets utilis\351s}{section.4}% 13
\BOOKMARK [3][-]{subsubsection.4.5.1}{Content\137Button\137Widget}{subsection.4.5}% 14
\BOOKMARK [3][-]{subsubsection.4.5.2}{Divided\137Label\137Widget}{subsection.4.5}% 15
\BOOKMARK [3][-]{subsubsection.4.5.3}{Loader\137Button\137Widget}{subsection.4.5}% 16
\BOOKMARK [3][-]{subsubsection.4.5.4}{Morphing\137Label}{subsection.4.5}% 17
\BOOKMARK [2][-]{subsection.4.6}{Dossiers de sauvegardes}{section.4}% 18
\BOOKMARK [1][-]{section.5}{Le logiciel dans son ensemble}{}% 19
\BOOKMARK [1][-]{section.6}{Am\351liorations possibles}{}% 20
\BOOKMARK [1][-]{section.7}{Annexes}{}% 21
